<?xml version="1.0" encoding="UTF-8"?>
<coverage generated="1616944735941" clover="3.2.0">
  <project timestamp="1616944735941" name="All files">
    <metrics statements="37" coveredstatements="28" conditionals="10" coveredconditionals="7" methods="17" coveredmethods="12" elements="64" coveredelements="47" complexity="0" loc="37" ncloc="37" packages="1" files="2" classes="2"/>
    <file name="game.jsx" path="C:\Users\murat\Desktop\WebProgramlama\1030522953_BS436_WebProgramlama\odev04\src\game.jsx">
      <metrics statements="32" coveredstatements="28" conditionals="10" coveredconditionals="7" methods="14" coveredmethods="12"/>
      <line num="5" count="8" type="stmt"/>
      <line num="6" count="8" type="stmt"/>
      <line num="22" count="12" type="stmt"/>
      <line num="23" count="12" type="stmt"/>
      <line num="24" count="36" type="stmt"/>
      <line num="27" count="12" type="stmt"/>
      <line num="36" count="36" type="stmt"/>
      <line num="37" count="36" type="stmt"/>
      <line num="40" count="8" type="stmt"/>
      <line num="41" count="4" type="cond" truecount="1" falsecount="1"/>
      <line num="43" count="4" type="stmt"/>
      <line num="45" count="4" type="cond" truecount="2" falsecount="0"/>
      <line num="46" count="2" type="stmt"/>
      <line num="47" count="2" type="stmt"/>
      <line num="51" count="2" type="stmt"/>
      <line num="52" count="2" type="stmt"/>
      <line num="53" count="2" type="cond" truecount="1" falsecount="1"/>
      <line num="61" count="12" type="stmt"/>
      <line num="68" count="12" type="stmt"/>
      <line num="75" count="8" type="stmt"/>
      <line num="76" count="2" type="stmt"/>
      <line num="81" count="8" type="stmt"/>
      <line num="83" count="2" type="stmt"/>
      <line num="84" count="2" type="stmt"/>
      <line num="90" count="2" type="cond" truecount="1" falsecount="1"/>
      <line num="91" count="2" type="stmt"/>
      <line num="95" count="2" type="stmt"/>
      <line num="99" count="8" type="stmt"/>
      <line num="101" count="0" type="stmt"/>
      <line num="110" count="0" type="stmt"/>
      <line num="112" count="0" type="stmt"/>
      <line num="113" count="0" type="stmt"/>
    </file>
    <file name="index.jsx" path="C:\Users\murat\Desktop\WebProgramlama\1030522953_BS436_WebProgramlama\odev04\src\index.jsx">
      <metrics statements="5" coveredstatements="0" conditionals="0" coveredconditionals="0" methods="3" coveredmethods="0"/>
      <line num="7" count="0" type="stmt"/>
      <line num="15" count="0" type="stmt"/>
      <line num="18" count="0" type="stmt"/>
      <line num="26" count="0" type="stmt"/>
      <line num="27" count="0" type="stmt"/>
    </file>
  </project>
</coverage>
