{"C:\\Users\\murat\\Desktop\\WebProgramlama\\1030522953_BS436_WebProgramlama\\odev04\\src\\game.jsx": {"path":"C:\\Users\\murat\\Desktop\\WebProgramlama\\1030522953_BS436_WebProgramlama\\odev04\\src\\game.jsx","statementMap":{"0":{"start":{"line":5,"column":8},"end":{"line":5,"column":21}},"1":{"start":{"line":6,"column":8},"end":{"line":15,"column":9}},"2":{"start":{"line":22,"column":20},"end":{"line":22,"column":22}},"3":{"start":{"line":23,"column":8},"end":{"line":25,"column":9}},"4":{"start":{"line":23,"column":21},"end":{"line":23,"column":22}},"5":{"start":{"line":24,"column":12},"end":{"line":24,"column":43}},"6":{"start":{"line":27,"column":8},"end":{"line":31,"column":16}},"7":{"start":{"line":36,"column":18},"end":{"line":36,"column":31}},"8":{"start":{"line":37,"column":8},"end":{"line":37,"column":117}},"9":{"start":{"line":37,"column":95},"end":{"line":37,"column":113}},"10":{"start":{"line":40,"column":17},"end":{"line":58,"column":5}},"11":{"start":{"line":41,"column":8},"end":{"line":57,"column":9}},"12":{"start":{"line":43,"column":12},"end":{"line":43,"column":85}},"13":{"start":{"line":43,"column":40},"end":{"line":43,"column":82}},"14":{"start":{"line":45,"column":12},"end":{"line":55,"column":13}},"15":{"start":{"line":46,"column":16},"end":{"line":46,"column":64}},"16":{"start":{"line":47,"column":16},"end":{"line":47,"column":38}},"17":{"start":{"line":51,"column":16},"end":{"line":51,"column":65}},"18":{"start":{"line":52,"column":16},"end":{"line":52,"column":98}},"19":{"start":{"line":52,"column":44},"end":{"line":52,"column":95}},"20":{"start":{"line":53,"column":16},"end":{"line":53,"column":95}},"21":{"start":{"line":61,"column":8},"end":{"line":64,"column":15}},"22":{"start":{"line":68,"column":8},"end":{"line":72,"column":9}},"23":{"start":{"line":75,"column":19},"end":{"line":80,"column":5}},"24":{"start":{"line":76,"column":8},"end":{"line":78,"column":10}},"25":{"start":{"line":81,"column":17},"end":{"line":98,"column":5}},"26":{"start":{"line":83,"column":8},"end":{"line":85,"column":11}},"27":{"start":{"line":84,"column":12},"end":{"line":84,"column":44}},"28":{"start":{"line":90,"column":22},"end":{"line":90,"column":89}},"29":{"start":{"line":91,"column":24},"end":{"line":93,"column":30}},"30":{"start":{"line":95,"column":8},"end":{"line":95,"column":52}},"31":{"start":{"line":99,"column":14},"end":{"line":116,"column":5}},"32":{"start":{"line":101,"column":8},"end":{"line":109,"column":11}},"33":{"start":{"line":110,"column":20},"end":{"line":110,"column":54}},"34":{"start":{"line":112,"column":8},"end":{"line":114,"column":11}},"35":{"start":{"line":113,"column":10},"end":{"line":113,"column":57}}},"fnMap":{"0":{"name":"(anonymous_0)","decl":{"start":{"line":4,"column":4},"end":{"line":4,"column":5}},"loc":{"start":{"line":4,"column":23},"end":{"line":17,"column":5}},"line":4},"1":{"name":"(anonymous_1)","decl":{"start":{"line":20,"column":4},"end":{"line":20,"column":5}},"loc":{"start":{"line":20,"column":13},"end":{"line":33,"column":5}},"line":20},"2":{"name":"(anonymous_2)","decl":{"start":{"line":35,"column":4},"end":{"line":35,"column":5}},"loc":{"start":{"line":35,"column":22},"end":{"line":39,"column":5}},"line":35},"3":{"name":"(anonymous_3)","decl":{"start":{"line":37,"column":88},"end":{"line":37,"column":89}},"loc":{"start":{"line":37,"column":95},"end":{"line":37,"column":113}},"line":37},"4":{"name":"(anonymous_4)","decl":{"start":{"line":40,"column":17},"end":{"line":40,"column":18}},"loc":{"start":{"line":40,"column":27},"end":{"line":58,"column":5}},"line":40},"5":{"name":"(anonymous_5)","decl":{"start":{"line":43,"column":26},"end":{"line":43,"column":27}},"loc":{"start":{"line":43,"column":40},"end":{"line":43,"column":82}},"line":43},"6":{"name":"(anonymous_6)","decl":{"start":{"line":52,"column":30},"end":{"line":52,"column":31}},"loc":{"start":{"line":52,"column":44},"end":{"line":52,"column":95}},"line":52},"7":{"name":"(anonymous_7)","decl":{"start":{"line":60,"column":4},"end":{"line":60,"column":5}},"loc":{"start":{"line":60,"column":24},"end":{"line":65,"column":5}},"line":60},"8":{"name":"(anonymous_8)","decl":{"start":{"line":67,"column":4},"end":{"line":67,"column":5}},"loc":{"start":{"line":67,"column":23},"end":{"line":73,"column":5}},"line":67},"9":{"name":"(anonymous_9)","decl":{"start":{"line":75,"column":19},"end":{"line":75,"column":20}},"loc":{"start":{"line":75,"column":25},"end":{"line":80,"column":5}},"line":75},"10":{"name":"(anonymous_10)","decl":{"start":{"line":81,"column":17},"end":{"line":81,"column":18}},"loc":{"start":{"line":81,"column":29},"end":{"line":98,"column":5}},"line":81},"11":{"name":"(anonymous_11)","decl":{"start":{"line":83,"column":42},"end":{"line":83,"column":43}},"loc":{"start":{"line":83,"column":54},"end":{"line":85,"column":9}},"line":83},"12":{"name":"(anonymous_12)","decl":{"start":{"line":99,"column":14},"end":{"line":99,"column":15}},"loc":{"start":{"line":99,"column":20},"end":{"line":116,"column":5}},"line":99},"13":{"name":"(anonymous_13)","decl":{"start":{"line":112,"column":22},"end":{"line":112,"column":23}},"loc":{"start":{"line":112,"column":33},"end":{"line":114,"column":9}},"line":112}},"branchMap":{"0":{"loc":{"start":{"line":41,"column":8},"end":{"line":57,"column":9}},"type":"if","locations":[{"start":{"line":41,"column":8},"end":{"line":57,"column":9}},{"start":{"line":41,"column":8},"end":{"line":57,"column":9}}],"line":41},"1":{"loc":{"start":{"line":45,"column":12},"end":{"line":55,"column":13}},"type":"if","locations":[{"start":{"line":45,"column":12},"end":{"line":55,"column":13}},{"start":{"line":45,"column":12},"end":{"line":55,"column":13}}],"line":45},"2":{"loc":{"start":{"line":53,"column":16},"end":{"line":53,"column":94}},"type":"cond-expr","locations":[{"start":{"line":53,"column":50},"end":{"line":53,"column":72}},{"start":{"line":53,"column":75},"end":{"line":53,"column":94}}],"line":53},"3":{"loc":{"start":{"line":69,"column":87},"end":{"line":69,"column":136}},"type":"cond-expr","locations":[{"start":{"line":69,"column":117},"end":{"line":69,"column":129}},{"start":{"line":69,"column":132},"end":{"line":69,"column":136}}],"line":69},"4":{"loc":{"start":{"line":90,"column":22},"end":{"line":90,"column":89}},"type":"cond-expr","locations":[{"start":{"line":90,"column":40},"end":{"line":90,"column":70}},{"start":{"line":90,"column":73},"end":{"line":90,"column":89}}],"line":90}},"s":{"0":8,"1":8,"2":12,"3":12,"4":12,"5":36,"6":12,"7":36,"8":36,"9":4,"10":8,"11":4,"12":4,"13":4,"14":4,"15":2,"16":2,"17":2,"18":2,"19":2,"20":2,"21":12,"22":12,"23":8,"24":2,"25":8,"26":2,"27":2,"28":2,"29":2,"30":2,"31":8,"32":0,"33":0,"34":0,"35":0},"f":{"0":8,"1":12,"2":36,"3":4,"4":4,"5":4,"6":2,"7":12,"8":12,"9":2,"10":2,"11":2,"12":0,"13":0},"b":{"0":[4,0],"1":[2,2],"2":[0,2],"3":[2,10],"4":[2,0]},"_coverageSchema":"1a1c01bbd47fc00a2c39e90264f33305004495a9","hash":"ed455d57be02df00cdc4a3cbef523528759218fd"}
,"C:\\Users\\murat\\Desktop\\WebProgramlama\\1030522953_BS436_WebProgramlama\\odev04\\src\\index.jsx": {"path":"C:\\Users\\murat\\Desktop\\WebProgramlama\\1030522953_BS436_WebProgramlama\\odev04\\src\\index.jsx","statementMap":{"0":{"start":{"line":7,"column":8},"end":{"line":7,"column":28}},"1":{"start":{"line":15,"column":8},"end":{"line":15,"column":45}},"2":{"start":{"line":18,"column":8},"end":{"line":23,"column":15}},"3":{"start":{"line":26,"column":0},"end":{"line":26,"column":58}},"4":{"start":{"line":27,"column":0},"end":{"line":27,"column":67}}},"fnMap":{"0":{"name":"(anonymous_0)","decl":{"start":{"line":6,"column":4},"end":{"line":6,"column":5}},"loc":{"start":{"line":6,"column":12},"end":{"line":8,"column":5}},"line":6},"1":{"name":"(anonymous_1)","decl":{"start":{"line":14,"column":4},"end":{"line":14,"column":5}},"loc":{"start":{"line":14,"column":13},"end":{"line":16,"column":5}},"line":14},"2":{"name":"(anonymous_2)","decl":{"start":{"line":17,"column":4},"end":{"line":17,"column":5}},"loc":{"start":{"line":17,"column":21},"end":{"line":24,"column":5}},"line":17}},"branchMap":{},"s":{"0":0,"1":0,"2":0,"3":0,"4":0},"f":{"0":0,"1":0,"2":0},"b":{}}
}
