TN:
SF:src\game.jsx
FN:4,(anonymous_0)
FN:20,(anonymous_1)
FN:35,(anonymous_2)
FN:37,(anonymous_3)
FN:40,(anonymous_4)
FN:43,(anonymous_5)
FN:52,(anonymous_6)
FN:60,(anonymous_7)
FN:67,(anonymous_8)
FN:75,(anonymous_9)
FN:81,(anonymous_10)
FN:83,(anonymous_11)
FN:99,(anonymous_12)
FN:112,(anonymous_13)
FNF:14
FNH:12
FNDA:8,(anonymous_0)
FNDA:12,(anonymous_1)
FNDA:36,(anonymous_2)
FNDA:4,(anonymous_3)
FNDA:4,(anonymous_4)
FNDA:4,(anonymous_5)
FNDA:2,(anonymous_6)
FNDA:12,(anonymous_7)
FNDA:12,(anonymous_8)
FNDA:2,(anonymous_9)
FNDA:2,(anonymous_10)
FNDA:2,(anonymous_11)
FNDA:0,(anonymous_12)
FNDA:0,(anonymous_13)
DA:5,8
DA:6,8
DA:22,12
DA:23,12
DA:24,36
DA:27,12
DA:36,36
DA:37,36
DA:40,8
DA:41,4
DA:43,4
DA:45,4
DA:46,2
DA:47,2
DA:51,2
DA:52,2
DA:53,2
DA:61,12
DA:68,12
DA:75,8
DA:76,2
DA:81,8
DA:83,2
DA:84,2
DA:90,2
DA:91,2
DA:95,2
DA:99,8
DA:101,0
DA:110,0
DA:112,0
DA:113,0
LF:32
LH:28
BRDA:41,0,0,4
BRDA:41,0,1,0
BRDA:45,1,0,2
BRDA:45,1,1,2
BRDA:53,2,0,0
BRDA:53,2,1,2
BRDA:69,3,0,2
BRDA:69,3,1,10
BRDA:90,4,0,2
BRDA:90,4,1,0
BRF:10
BRH:7
end_of_record
TN:
SF:src\index.jsx
FN:6,(anonymous_0)
FN:14,(anonymous_1)
FN:17,(anonymous_2)
FNF:3
FNH:0
FNDA:0,(anonymous_0)
FNDA:0,(anonymous_1)
FNDA:0,(anonymous_2)
DA:7,0
DA:15,0
DA:18,0
DA:26,0
DA:27,0
LF:5
LH:0
BRF:0
BRH:0
end_of_record
